

Processing HomeController#index (for 127.0.0.1 at 2010-04-24 08:30:54) [GET]
Rendering home/index
Completed in 1ms (View: 0, DB: 0) | 200 OK [http://www.example.com/]


Processing ApplicationController#index (for 127.0.0.1 at 2010-04-24 08:30:58) [GET]

ActionController::RoutingError (No route matches "/ffa" with {:method=>:get}):
  <internal:prelude>:8:in `synchronize'
  (irb):5:in `irb_binding'
  /usr/local/lib/ruby/1.9.1/irb/workspace.rb:80:in `eval'
  /usr/local/lib/ruby/1.9.1/irb/workspace.rb:80:in `evaluate'
  /usr/local/lib/ruby/1.9.1/irb/context.rb:218:in `evaluate'
  /usr/local/lib/ruby/1.9.1/irb.rb:157:in `block (2 levels) in eval_input'
  /usr/local/lib/ruby/1.9.1/irb.rb:271:in `signal_status'
  /usr/local/lib/ruby/1.9.1/irb.rb:154:in `block in eval_input'
  /usr/local/lib/ruby/1.9.1/irb/ruby-lex.rb:244:in `block (2 levels) in each_top_level_statement'
  /usr/local/lib/ruby/1.9.1/irb/ruby-lex.rb:230:in `loop'
  /usr/local/lib/ruby/1.9.1/irb/ruby-lex.rb:230:in `block in each_top_level_statement'
  /usr/local/lib/ruby/1.9.1/irb/ruby-lex.rb:229:in `catch'
  /usr/local/lib/ruby/1.9.1/irb/ruby-lex.rb:229:in `each_top_level_statement'
  /usr/local/lib/ruby/1.9.1/irb.rb:153:in `eval_input'
  /usr/local/lib/ruby/1.9.1/irb.rb:70:in `block in start'
  /usr/local/lib/ruby/1.9.1/irb.rb:69:in `catch'
  /usr/local/lib/ruby/1.9.1/irb.rb:69:in `start'
  /usr/local/bin/irb:12:in `<main>'

Rendering rescues/layout (not_found)


Processing HomeController#index (for 127.0.0.1 at 2010-04-24 08:31:03) [GET]
Rendering home/index
Completed in 0ms (View: 0, DB: 0) | 200 OK [http://www.example.com/home]
